<?xml version="1.0" encoding="UTF-8"?>
<testng-results skipped="0" failed="0" total="1" passed="1">
  <reporter-output>
  </reporter-output>
  <suite name="test.com.CarTest" duration-ms="25" started-at="2019-03-16T20:25:25Z" finished-at="2019-03-16T20:25:25Z">
    <groups>
    </groups>
    <test name="Command line test" duration-ms="25" started-at="2019-03-16T20:25:25Z" finished-at="2019-03-16T20:25:25Z">
      <class name="test.com.CarTest">
        <test-method status="PASS" signature="setUpClass()[pri:0, instance:test.com.CarTest@649d209a]" name="setUpClass" is-config="true" duration-ms="12" started-at="2019-03-16T15:25:25Z" finished-at="2019-03-16T15:25:25Z">
          <reporter-output>
          </reporter-output>
        </test-method> <!-- setUpClass -->
        <test-method status="PASS" signature="setUpMethod()[pri:0, instance:test.com.CarTest@649d209a]" name="setUpMethod" is-config="true" duration-ms="4" started-at="2019-03-16T15:25:25Z" finished-at="2019-03-16T15:25:25Z">
          <reporter-output>
          </reporter-output>
        </test-method> <!-- setUpMethod -->
        <test-method status="PASS" signature="ValidateCarcolor()[pri:0, instance:test.com.CarTest@649d209a]" name="ValidateCarcolor" duration-ms="3" started-at="2019-03-16T15:25:25Z" finished-at="2019-03-16T15:25:25Z">
          <reporter-output>
          </reporter-output>
        </test-method> <!-- ValidateCarcolor -->
        <test-method status="PASS" signature="tearDownMethod()[pri:0, instance:test.com.CarTest@649d209a]" name="tearDownMethod" is-config="true" duration-ms="0" started-at="2019-03-16T15:25:25Z" finished-at="2019-03-16T15:25:25Z">
          <reporter-output>
          </reporter-output>
        </test-method> <!-- tearDownMethod -->
        <test-method status="PASS" signature="tearDownClass()[pri:0, instance:test.com.CarTest@649d209a]" name="tearDownClass" is-config="true" duration-ms="0" started-at="2019-03-16T15:25:25Z" finished-at="2019-03-16T15:25:25Z">
          <reporter-output>
          </reporter-output>
        </test-method> <!-- tearDownClass -->
      </class> <!-- test.com.CarTest -->
    </test> <!-- Command line test -->
  </suite> <!-- test.com.CarTest -->
</testng-results>
